2024-08-06 19:24:51 [INFO] AnycubicPhotonWorkshop start!
2024-08-06 19:24:51 [INFO] argc:  2
2024-08-06 19:24:51 [WARN] "C:/Program Files/AnycubicPhotonWorkshop"
2024-08-06 19:24:51 [WARN] Successfully init crashpad
2024-08-06 19:24:51 [WARN] Unable to enumerate family ' "Alibaba PuHuiTi 3.0 55 Regular L3" '
2024-08-06 19:24:51 [WARN] Unable to enumerate family ' "Alibaba PuHuiTi 3.0 95 ExtraBold" '
2024-08-06 19:24:51 [INFO] ctk manager plugins:  "C:/Program Files/AnycubicPhotonWorkshop/plugins/"
2024-08-06 19:24:51 [INFO] Load plugin org.commontk.eventadmin success.
2024-08-06 19:24:51 [INFO] [Install Plugin] "C:/Program Files/AnycubicPhotonWorkshop/plugins/splashwindow.dll"
2024-08-06 19:24:51 [INFO] Install Plugin Success!
2024-08-06 19:24:51 [WARN] Unable to enumerate family ' "Alibaba PuHuiTi 3.0 55 Regular L3" '
2024-08-06 19:24:51 [WARN] Unable to enumerate family ' "Alibaba PuHuiTi 3.0 95 ExtraBold" '
2024-08-06 19:24:51 [INFO] [Install Plugin] "C:/Program Files/AnycubicPhotonWorkshop/plugins/printer.dll"
2024-08-06 19:24:51 [INFO] Install Plugin Success!
2024-08-06 19:24:52 [FATAL] readDataFromFile (C:/Program Files/AnycubicPhotonWorkshop/machine_type/Anycubic Photon Mono M7.pwsp) is error.
2024-08-06 19:24:52 [FATAL] loadFactoryMachine factory market Anycubic Photon Mono M7 msg retcode -1, msg retmsg: 
2024-08-06 19:24:52 [WARN] loadMachineResin currentPrinter(Anycubic Photon Mono 2) init success.
2024-08-06 19:24:52 [INFO] loadMachineParamRange is success.
2024-08-06 19:24:52 [INFO] loadMachineResinType is success.
2024-08-06 19:24:52 [INFO] loadMachineResinName is success.
2024-08-06 19:24:52 [INFO] [Install Plugin] "C:/Program Files/AnycubicPhotonWorkshop/plugins/mainwindow.dll"
2024-08-06 19:24:52 [INFO] Install Plugin Success!
2024-08-06 19:24:52 [INFO] "current server is testserver. 0"
2024-08-06 19:24:52 [INFO] QVariant(QByteArray, "mqtt.anycubic.com")
2024-08-06 19:24:52 [INFO] QVariant(QByteArray, "mqtt-universe.anycubic.com")
2024-08-06 19:24:52 [INFO] QVariant(QByteArray, "8883")
2024-08-06 19:24:52 [INFO] QVariant(QByteArray, "8883")
2024-08-06 19:24:52 [INFO] "environment_url is https://workbentch.s3.us-east-2.amazonaws.com/workshop/environment.ini"
2024-08-06 19:24:52 [INFO] QmlFactory 0.095 s
2024-08-06 19:24:52 [INFO] [Install Plugin] "C:/Program Files/AnycubicPhotonWorkshop/plugins/autoupdater.dll"
2024-08-06 19:24:52 [INFO] Install Plugin Success!
2024-08-06 19:24:52 [INFO] [Install Plugin] "C:/Program Files/AnycubicPhotonWorkshop/plugins/gareport.dll"
2024-08-06 19:24:52 [INFO] Install Plugin Success!
2024-08-06 19:24:52 [INFO] [Install Plugin] "C:/Program Files/AnycubicPhotonWorkshop/plugins/accloud.dll"
2024-08-06 19:24:52 [INFO] Install Plugin Success!
2024-08-06 19:24:52 [WARN] void __cdecl ACCloudNetRequest::init(void), cn_server = mqtt.anycubic.com, cn_server_port = 8883, en_server = mqtt-universe.anycubic.com, en_server_port = 8883, url = https://cloud-universe.anycubic.com/p/p/workbench/api
2024-08-06 19:24:52 [WARN] CountriesDataModel::setCurrCountryIdn, newCurrCountryIdn = CN
2024-08-06 19:24:52 [WARN] void __cdecl ACCloudNetRequest::getCountries(void)
2024-08-06 19:24:52 [WARN] void __cdecl ACCloudNetRequest::getPrintCtrlCodeReasons(void)
2024-08-06 19:24:52 [WARN] ACCloudManager::ACCloudManager, cloud model, build_time = 2024-04-26 17:28:45, git_brance = feat/casdoor, git_hash = 6b20758, git_commit = 2024-04-26
2024-08-06 19:24:52 [INFO] [Install Plugin] "C:/Program Files/AnycubicPhotonWorkshop/plugins/facegen.dll"
2024-08-06 19:24:52 [INFO] Install Plugin Success!
2024-08-06 19:24:52 [WARN] Translation::changedSystemLanguage, language = 0
2024-08-06 19:24:52 [WARN] register  GizmoController
2024-08-06 19:24:53 [WARN] void __cdecl EventMiniHandlerCallback::event(const struct ReasonResponse *,unsigned int)
2024-08-06 19:24:53 [WARN] enableMenuShortcut menushort cut: 0
2024-08-06 19:24:53 [INFO] uiState:  false
2024-08-06 19:24:53 [WARN] enableMenuShortcut menushort cut: 0
2024-08-06 19:24:54 [WARN] QFSFileEngine::open: No file name specified
2024-08-06 19:24:54 [WARN] Cannot open file '', because: No file name specified
2024-08-06 19:24:54 [WARN] QFSFileEngine::open: No file name specified
2024-08-06 19:24:54 [WARN] Cannot open file '', because: No file name specified
2024-08-06 19:24:54 [WARN] QFSFileEngine::open: No file name specified
2024-08-06 19:24:54 [WARN] Cannot open file '', because: No file name specified
2024-08-06 19:24:54 [WARN] QFSFileEngine::open: No file name specified
2024-08-06 19:24:54 [WARN] Cannot open file '', because: No file name specified
2024-08-06 19:24:54 [WARN] QFSFileEngine::open: No file name specified
2024-08-06 19:24:54 [WARN] Cannot open file '', because: No file name specified
2024-08-06 19:24:54 [WARN] QFSFileEngine::open: No file name specified
2024-08-06 19:24:54 [WARN] Cannot open file '', because: No file name specified
2024-08-06 19:24:54 [WARN] QFSFileEngine::open: No file name specified
2024-08-06 19:24:54 [WARN] Cannot open file '', because: No file name specified
2024-08-06 19:24:54 [WARN] QFSFileEngine::open: No file name specified
2024-08-06 19:24:54 [WARN] Cannot open file '', because: No file name specified
2024-08-06 19:24:54 [WARN] xChanged 1
2024-08-06 19:24:54 [INFO] event:  "splash_window_visible" data:  QVariant(bool, false) extentionData:  QVariant(Invalid)
2024-08-06 19:24:54 [INFO] event:  "main_load" data:  QVariant(Invalid) extentionData:  QVariant(Invalid)
2024-08-06 19:24:54 [INFO] event:  "main_language_changed" data:  QVariant(int, 0) extentionData:  QVariant(Invalid)
2024-08-06 19:24:54 [WARN] void __cdecl PrintersDataModel::onReasonResponse(const struct ReasonResponse *,int)
count = 219
2024-08-06 19:24:54 [INFO] uiState:  true
2024-08-06 19:24:54 [WARN] creating renderer
2024-08-06 19:24:54 [WARN] printer valid --:  71.68 44.55
2024-08-06 19:24:54 [WARN] printer build --:  71.68 44.8
2024-08-06 19:24:54 [WARN] deltaX -- :  0
2024-08-06 19:24:54 [WARN] deltaY -- :  0.25
2024-08-06 19:24:54 [WARN] machine boarder width 1--------------------  0 0.25
2024-08-06 19:24:54 [WARN] create planar shadow node
2024-08-06 19:24:54 [WARN] loadGizmoRotationHead OK 576
2024-08-06 19:24:54 [INFO]  camera_manipulator::home
2024-08-06 19:24:54 [INFO]  camera_manipulator::home/ComputeBound
2024-08-06 19:24:54 [INFO]  camera_manipulator::home
2024-08-06 19:24:54 [INFO]  camera_manipulator::home/ComputeBound
2024-08-06 19:24:54 [INFO]  camera_manipulator::home/BoundingSphere
2024-08-06 19:24:54 [INFO]  camera_manipulator::home/udpate_view
2024-08-06 19:24:54 [WARN] GL Verison:  0x19d6803dff0
2024-08-06 19:24:54 [WARN] GL Renderer:  0x19d5ee4a780
2024-08-06 19:24:54 [WARN] compile shader program ok
2024-08-06 19:24:54 [WARN] compile shader program ok
2024-08-06 19:24:54 [WARN] compile shader program ok
2024-08-06 19:24:54 [WARN] AnyGizmos::Im3d_Init      LoadCompileShader Ok
2024-08-06 19:24:54 [WARN] AnyGizmos::Im3d_Init   VAO release Ok
2024-08-06 19:24:54 [WARN] QFSFileEngine::open: No file name specified
2024-08-06 19:24:54 [WARN] Cannot open file '', because: No file name specified
2024-08-06 19:24:54 [WARN] QFSFileEngine::open: No file name specified
2024-08-06 19:24:54 [WARN] Cannot open file '', because: No file name specified
2024-08-06 19:24:54 [INFO] event:  "updater_init_compeleted" data:  QVariant(Invalid) extentionData:  QVariant(Invalid)
2024-08-06 19:24:54 [WARN] QFSFileEngine::open: No file name specified
2024-08-06 19:24:54 [WARN] Cannot open file '', because: No file name specified
2024-08-06 19:24:54 [WARN] QFSFileEngine::open: No file name specified
2024-08-06 19:24:54 [WARN] Cannot open file '', because: No file name specified
2024-08-06 19:24:54 [WARN] void __cdecl ACCloudNetRequest::getCountries(void)
2024-08-06 19:24:54 [WARN] void __cdecl ACCloudNetRequest::getPrintCtrlCodeReasons(void)
2024-08-06 19:24:54 [INFO] event:  "accloud_start_init" data:  QVariant(int, 0) extentionData:  QVariant(int, 0)
2024-08-06 19:24:54 [INFO] send post data success!
2024-08-06 19:24:54 [INFO] parseImportFiles model files: D:\Uni\Repositorys\Echoes_of_Steel\Echoes_of_Steel\Assets\Prefab\Primitives\ring1.obj
2024-08-06 19:24:54 [INFO] parseImportFiles model files: D:\Uni\Repositorys\Echoes_of_Steel\Echoes_of_Steel\Assets\Prefab\Primitives\ring1.obj
2024-08-06 19:24:54 [WARN]  - 1 ImportFilesDialog, importModelFiles file = D:\Uni\Repositorys\Echoes_of_Steel\Echoes_of_Steel\Assets\Prefab\Primitives\ring1.obj, modelQualityChecked = true
2024-08-06 19:24:54 [INFO] "start check autoUpdater!"
2024-08-06 19:24:54 [WARN] -slot_closeGizmoWhenLoadModel
2024-08-06 19:24:54 [INFO] event:  "updater_check" data:  QVariant(Invalid) extentionData:  QVariant(Invalid)
2024-08-06 19:24:54 [INFO] sendData:  "{\n    \"appName\": \"AnycubicPhotonWorkshop_V3.3.2\",\n    \"appVersion\": \"v3.3.2\",\n    \"business\": \"\",\n    \"city\": \"0\",\n    \"country\": \"\xE5\xBE\xB7\xE5\x9B\xBD\",\n    \"elementContent\": \"\",\n    \"elementType\": \"\",\n    \"eventName\": \"AppStart\",\n    \"function\": \"\",\n    \"isOverseasVersion\": true,\n    \"module\": \"\",\n    \"pcId\": \"8835b64f2d7650217b75e69c3a434cf1\",\n    \"printerType\": \"\",\n    \"province\": \"Nordrhein-Westfalen\",\n    \"timestamp\": 1722965094,\n    \"title\": \"\",\n    \"userId\": 0\n}\n"
2024-08-06 19:24:55 [WARN] QFSFileEngine::open: No file name specified
2024-08-06 19:24:55 [WARN] Cannot open file '', because: No file name specified
2024-08-06 19:24:55 [WARN] QFSFileEngine::open: No file name specified
2024-08-06 19:24:55 [WARN] Cannot open file '', because: No file name specified
2024-08-06 19:24:55 [WARN] QFSFileEngine::open: No file name specified
2024-08-06 19:24:55 [WARN] Cannot open file '', because: No file name specified
2024-08-06 19:24:55 [WARN] QFSFileEngine::open: No file name specified
2024-08-06 19:24:55 [WARN] Cannot open file '', because: No file name specified
2024-08-06 19:24:55 [WARN] QFSFileEngine::open: No file name specified
2024-08-06 19:24:55 [WARN] Cannot open file '', because: No file name specified
2024-08-06 19:24:55 [WARN] QFSFileEngine::open: No file name specified
2024-08-06 19:24:55 [WARN] Cannot open file '', because: No file name specified
2024-08-06 19:24:55 [WARN] QFSFileEngine::open: No file name specified
2024-08-06 19:24:55 [WARN] Cannot open file '', because: No file name specified
2024-08-06 19:24:55 [WARN] QFSFileEngine::open: No file name specified
2024-08-06 19:24:55 [WARN] Cannot open file '', because: No file name specified
2024-08-06 19:24:55 [WARN] QFSFileEngine::open: No file name specified
2024-08-06 19:24:55 [WARN] Cannot open file '', because: No file name specified
2024-08-06 19:24:55 [WARN] QFSFileEngine::open: No file name specified
2024-08-06 19:24:55 [WARN] Cannot open file '', because: No file name specified
2024-08-06 19:24:55 [WARN] QFSFileEngine::open: No file name specified
2024-08-06 19:24:55 [WARN] Cannot open file '', because: No file name specified
2024-08-06 19:24:55 [WARN] QFSFileEngine::open: No file name specified
2024-08-06 19:24:55 [WARN] Cannot open file '', because: No file name specified
2024-08-06 19:24:55 [WARN] QFSFileEngine::open: No file name specified
2024-08-06 19:24:55 [WARN] Cannot open file '', because: No file name specified
2024-08-06 19:24:55 [WARN] QFSFileEngine::open: No file name specified
2024-08-06 19:24:55 [WARN] Cannot open file '', because: No file name specified
2024-08-06 19:24:55 [WARN] QFSFileEngine::open: No file name specified
2024-08-06 19:24:55 [WARN] Cannot open file '', because: No file name specified
2024-08-06 19:24:55 [WARN] QFSFileEngine::open: No file name specified
2024-08-06 19:24:55 [WARN] Cannot open file '', because: No file name specified
2024-08-06 19:24:55 [WARN] QFSFileEngine::open: No file name specified
2024-08-06 19:24:55 [WARN] Cannot open file '', because: No file name specified
2024-08-06 19:24:55 [WARN] QFSFileEngine::open: No file name specified
2024-08-06 19:24:55 [WARN] Cannot open file '', because: No file name specified
2024-08-06 19:24:55 [WARN] QFSFileEngine::open: No file name specified
2024-08-06 19:24:55 [WARN] Cannot open file '', because: No file name specified
2024-08-06 19:24:55 [WARN] QFSFileEngine::open: No file name specified
2024-08-06 19:24:55 [WARN] Cannot open file '', because: No file name specified
2024-08-06 19:24:55 [WARN] QFSFileEngine::open: No file name specified
2024-08-06 19:24:55 [WARN] Cannot open file '', because: No file name specified
2024-08-06 19:24:55 [WARN] QFSFileEngine::open: No file name specified
2024-08-06 19:24:55 [WARN] Cannot open file '', because: No file name specified
2024-08-06 19:24:55 [WARN] void __cdecl EventMiniHandlerCallback::event(const struct ReasonResponse *,unsigned int)
2024-08-06 19:24:55 [WARN] QFSFileEngine::open: No file name specified
2024-08-06 19:24:55 [WARN] Cannot open file '', because: No file name specified
2024-08-06 19:24:55 [WARN] QFSFileEngine::open: No file name specified
2024-08-06 19:24:55 [WARN] Cannot open file '', because: No file name specified
2024-08-06 19:24:55 [WARN] QFSFileEngine::open: No file name specified
2024-08-06 19:24:55 [WARN] Cannot open file '', because: No file name specified
2024-08-06 19:24:55 [WARN] QFSFileEngine::open: No file name specified
2024-08-06 19:24:55 [WARN] Cannot open file '', because: No file name specified
2024-08-06 19:24:55 [INFO] uiState:  false
2024-08-06 19:24:55 [WARN] enableMenuShortcut menushort cut: 8
2024-08-06 19:24:55 [INFO] uiState:  true
2024-08-06 19:24:55 [WARN] enableMenuShortcut menushort cut: 0
2024-08-06 19:24:55 [INFO] "doReportImportModelResult!"
2024-08-06 19:24:55 [INFO] event:  "ga_report" data:  QVariant(QByteArray, "{\n    \"business\": \"model_prepare\",\n    \"elementContent\": \"Import Files\",\n    \"elementType\": \"BUTTON\",\n    \"event\": \"ImportModelResult\",\n    \"function\": \"import_model\",\n    \"module\": \"menu_bar\",\n    \"printerType\": \"LCD\",\n    \"title\": \"\"\n}\n") extentionData:  QVariant(QByteArray, "{\n    \"importType\": \"4\",\n    \"modelInformation\": [\n        {\n            \"fileName\": \"ring1\",\n            \"fileSize\": 65400,\n            \"fileType\": \"obj\",\n            \"isSuccess\": 0\n        }\n    ],\n    \"numberOfModel\": 1\n}\n")
2024-08-06 19:24:55 [WARN] void __cdecl PrintersDataModel::onReasonResponse(const struct ReasonResponse *,int)
count = 219
2024-08-06 19:24:55 [WARN] gizmo emit sceneModelChanged
2024-08-06 19:24:55 [INFO] uiState:  false
2024-08-06 19:24:55 [WARN] enableMenuShortcut menushort cut: 8
2024-08-06 19:24:55 [INFO] uiState:  true
2024-08-06 19:24:55 [WARN] enableMenuShortcut menushort cut: 0
2024-08-06 19:24:55 [INFO] "doReadMachineLcd setMachine Anycubic Photon Mono 2"
2024-08-06 19:24:55 [WARN] ctrl_select IS_PROPERTY_SELECTED1  true 1
2024-08-06 19:24:55 [INFO] sendData:  "{\n    \"appName\": \"AnycubicPhotonWorkshop_V3.3.2\",\n    \"appVersion\": \"v3.3.2\",\n    \"business\": \"\",\n    \"city\": \"0\",\n    \"country\": \"\xE5\xBE\xB7\xE5\x9B\xBD\",\n    \"elementContent\": \"\",\n    \"elementType\": \"\",\n    \"eventName\": \"ImportModelResult\",\n    \"function\": \"\",\n    \"isOverseasVersion\": true,\n    \"module\": \"\",\n    \"pcId\": \"8835b64f2d7650217b75e69c3a434cf1\",\n    \"printerType\": \"\",\n    \"province\": \"Nordrhein-Westfalen\",\n    \"timestamp\": 1722965095,\n    \"title\": \"\",\n    \"userId\": 0\n}\n"
2024-08-06 19:24:55 [INFO] get_model_height() osg_model_group
2024-08-06 19:24:55 [INFO] send post data success!
2024-08-06 19:24:56 [INFO] uiState:  false
2024-08-06 19:24:56 [INFO] send post data success!
2024-08-06 19:24:57 [INFO] uiState:  true
2024-08-06 19:24:57 [INFO] scene modifyed:  true
2024-08-06 19:24:57 [WARN] QFSFileEngine::open: No file name specified
2024-08-06 19:24:57 [WARN] Cannot open file '', because: No file name specified
2024-08-06 19:24:57 [INFO] uiState:  false
2024-08-06 19:24:58 [INFO] uiState:  true
2024-08-06 19:24:58 [INFO] save support file is success!
2024-08-06 19:24:59 [INFO] AnycubicPhotonWorkshop end!
2024-08-06 19:24:59 [WARN] QThreadStorage: Thread 0x19d5bed21e0 exited after QThreadStorage 7 destroyed
2024-08-06 19:27:35 [INFO] AnycubicPhotonWorkshop start!
2024-08-06 19:27:35 [INFO] argc:  2
2024-08-06 19:27:35 [WARN] "C:/Program Files/AnycubicPhotonWorkshop"
2024-08-06 19:27:35 [WARN] Successfully init crashpad
2024-08-06 19:27:35 [WARN] Unable to enumerate family ' "Alibaba PuHuiTi 3.0 55 Regular L3" '
2024-08-06 19:27:35 [WARN] Unable to enumerate family ' "Alibaba PuHuiTi 3.0 95 ExtraBold" '
2024-08-06 19:27:35 [INFO] ctk manager plugins:  "C:/Program Files/AnycubicPhotonWorkshop/plugins/"
2024-08-06 19:27:35 [INFO] Load plugin org.commontk.eventadmin success.
2024-08-06 19:27:35 [INFO] [Install Plugin] "C:/Program Files/AnycubicPhotonWorkshop/plugins/splashwindow.dll"
2024-08-06 19:27:35 [INFO] Install Plugin Success!
2024-08-06 19:27:35 [WARN] Unable to enumerate family ' "Alibaba PuHuiTi 3.0 55 Regular L3" '
2024-08-06 19:27:35 [WARN] Unable to enumerate family ' "Alibaba PuHuiTi 3.0 95 ExtraBold" '
2024-08-06 19:27:35 [INFO] [Install Plugin] "C:/Program Files/AnycubicPhotonWorkshop/plugins/printer.dll"
2024-08-06 19:27:35 [INFO] Install Plugin Success!
2024-08-06 19:27:35 [FATAL] readDataFromFile (C:/Program Files/AnycubicPhotonWorkshop/machine_type/Anycubic Photon Mono M7.pwsp) is error.
2024-08-06 19:27:35 [FATAL] loadFactoryMachine factory market Anycubic Photon Mono M7 msg retcode -1, msg retmsg: 
2024-08-06 19:27:35 [WARN] loadMachineResin currentPrinter(Anycubic Photon Mono 2) init success.
2024-08-06 19:27:35 [INFO] loadMachineParamRange is success.
2024-08-06 19:27:35 [INFO] loadMachineResinType is success.
2024-08-06 19:27:35 [INFO] loadMachineResinName is success.
2024-08-06 19:27:35 [INFO] [Install Plugin] "C:/Program Files/AnycubicPhotonWorkshop/plugins/mainwindow.dll"
2024-08-06 19:27:35 [INFO] Install Plugin Success!
2024-08-06 19:27:36 [INFO] "current server is testserver. 0"
2024-08-06 19:27:36 [INFO] QVariant(QByteArray, "mqtt.anycubic.com")
2024-08-06 19:27:36 [INFO] QVariant(QByteArray, "mqtt-universe.anycubic.com")
2024-08-06 19:27:36 [INFO] QVariant(QByteArray, "8883")
2024-08-06 19:27:36 [INFO] QVariant(QByteArray, "8883")
2024-08-06 19:27:36 [INFO] "environment_url is https://workbentch.s3.us-east-2.amazonaws.com/workshop/environment.ini"
2024-08-06 19:27:36 [INFO] QmlFactory 0.012 s
2024-08-06 19:27:36 [INFO] [Install Plugin] "C:/Program Files/AnycubicPhotonWorkshop/plugins/autoupdater.dll"
2024-08-06 19:27:36 [INFO] Install Plugin Success!
2024-08-06 19:27:36 [INFO] [Install Plugin] "C:/Program Files/AnycubicPhotonWorkshop/plugins/gareport.dll"
2024-08-06 19:27:36 [INFO] Install Plugin Success!
2024-08-06 19:27:36 [INFO] [Install Plugin] "C:/Program Files/AnycubicPhotonWorkshop/plugins/accloud.dll"
2024-08-06 19:27:36 [INFO] Install Plugin Success!
2024-08-06 19:27:36 [WARN] void __cdecl ACCloudNetRequest::init(void), cn_server = mqtt.anycubic.com, cn_server_port = 8883, en_server = mqtt-universe.anycubic.com, en_server_port = 8883, url = https://cloud-universe.anycubic.com/p/p/workbench/api
2024-08-06 19:27:36 [WARN] CountriesDataModel::setCurrCountryIdn, newCurrCountryIdn = CN
2024-08-06 19:27:36 [WARN] void __cdecl ACCloudNetRequest::getCountries(void)
2024-08-06 19:27:36 [WARN] void __cdecl ACCloudNetRequest::getPrintCtrlCodeReasons(void)
2024-08-06 19:27:36 [WARN] ACCloudManager::ACCloudManager, cloud model, build_time = 2024-04-26 17:28:45, git_brance = feat/casdoor, git_hash = 6b20758, git_commit = 2024-04-26
2024-08-06 19:27:36 [INFO] [Install Plugin] "C:/Program Files/AnycubicPhotonWorkshop/plugins/facegen.dll"
2024-08-06 19:27:36 [INFO] Install Plugin Success!
2024-08-06 19:27:36 [WARN] Translation::changedSystemLanguage, language = 0
2024-08-06 19:27:36 [WARN] register  GizmoController
2024-08-06 19:27:36 [WARN] enableMenuShortcut menushort cut: 0
2024-08-06 19:27:36 [INFO] uiState:  false
2024-08-06 19:27:36 [WARN] enableMenuShortcut menushort cut: 0
2024-08-06 19:27:36 [WARN] QFSFileEngine::open: No file name specified
2024-08-06 19:27:36 [WARN] Cannot open file '', because: No file name specified
2024-08-06 19:27:36 [WARN] QFSFileEngine::open: No file name specified
2024-08-06 19:27:36 [WARN] Cannot open file '', because: No file name specified
2024-08-06 19:27:36 [WARN] QFSFileEngine::open: No file name specified
2024-08-06 19:27:36 [WARN] Cannot open file '', because: No file name specified
2024-08-06 19:27:36 [WARN] QFSFileEngine::open: No file name specified
2024-08-06 19:27:36 [WARN] Cannot open file '', because: No file name specified
2024-08-06 19:27:36 [WARN] QFSFileEngine::open: No file name specified
2024-08-06 19:27:36 [WARN] Cannot open file '', because: No file name specified
2024-08-06 19:27:36 [WARN] QFSFileEngine::open: No file name specified
2024-08-06 19:27:36 [WARN] Cannot open file '', because: No file name specified
2024-08-06 19:27:36 [WARN] void __cdecl EventMiniHandlerCallback::event(const struct ReasonResponse *,unsigned int)
2024-08-06 19:27:36 [WARN] QFSFileEngine::open: No file name specified
2024-08-06 19:27:36 [WARN] Cannot open file '', because: No file name specified
2024-08-06 19:27:36 [WARN] QFSFileEngine::open: No file name specified
2024-08-06 19:27:36 [WARN] Cannot open file '', because: No file name specified
2024-08-06 19:27:36 [WARN] xChanged 1
2024-08-06 19:27:36 [INFO] event:  "splash_window_visible" data:  QVariant(bool, false) extentionData:  QVariant(Invalid)
2024-08-06 19:27:36 [INFO] event:  "main_load" data:  QVariant(Invalid) extentionData:  QVariant(Invalid)
2024-08-06 19:27:36 [INFO] event:  "main_language_changed" data:  QVariant(int, 0) extentionData:  QVariant(Invalid)
2024-08-06 19:27:36 [WARN] void __cdecl PrintersDataModel::onReasonResponse(const struct ReasonResponse *,int)
count = 219
2024-08-06 19:27:36 [INFO] uiState:  true
2024-08-06 19:27:36 [WARN] creating renderer
2024-08-06 19:27:36 [WARN] printer valid --:  71.68 44.55
2024-08-06 19:27:36 [WARN] printer build --:  71.68 44.8
2024-08-06 19:27:36 [WARN] deltaX -- :  0
2024-08-06 19:27:36 [WARN] deltaY -- :  0.25
2024-08-06 19:27:36 [WARN] machine boarder width 1--------------------  0 0.25
2024-08-06 19:27:36 [WARN] create planar shadow node
2024-08-06 19:27:36 [WARN] loadGizmoRotationHead OK 576
2024-08-06 19:27:36 [INFO]  camera_manipulator::home
2024-08-06 19:27:36 [INFO]  camera_manipulator::home/ComputeBound
2024-08-06 19:27:36 [INFO]  camera_manipulator::home
2024-08-06 19:27:36 [INFO]  camera_manipulator::home/ComputeBound
2024-08-06 19:27:36 [INFO]  camera_manipulator::home/BoundingSphere
2024-08-06 19:27:36 [INFO]  camera_manipulator::home/udpate_view
2024-08-06 19:27:36 [WARN] GL Verison:  0x25ef3daa570
2024-08-06 19:27:36 [WARN] GL Renderer:  0x25eeab76e40
2024-08-06 19:27:36 [WARN] compile shader program ok
2024-08-06 19:27:36 [WARN] compile shader program ok
2024-08-06 19:27:36 [WARN] compile shader program ok
2024-08-06 19:27:36 [WARN] AnyGizmos::Im3d_Init      LoadCompileShader Ok
2024-08-06 19:27:36 [WARN] AnyGizmos::Im3d_Init   VAO release Ok
2024-08-06 19:27:36 [WARN] QFSFileEngine::open: No file name specified
2024-08-06 19:27:36 [WARN] Cannot open file '', because: No file name specified
2024-08-06 19:27:36 [WARN] QFSFileEngine::open: No file name specified
2024-08-06 19:27:36 [WARN] Cannot open file '', because: No file name specified
2024-08-06 19:27:36 [INFO] event:  "updater_init_compeleted" data:  QVariant(Invalid) extentionData:  QVariant(Invalid)
2024-08-06 19:27:36 [WARN] QFSFileEngine::open: No file name specified
2024-08-06 19:27:36 [WARN] Cannot open file '', because: No file name specified
2024-08-06 19:27:36 [WARN] QFSFileEngine::open: No file name specified
2024-08-06 19:27:36 [WARN] Cannot open file '', because: No file name specified
2024-08-06 19:27:37 [WARN] void __cdecl ACCloudNetRequest::getCountries(void)
2024-08-06 19:27:37 [WARN] void __cdecl ACCloudNetRequest::getPrintCtrlCodeReasons(void)
2024-08-06 19:27:37 [INFO] event:  "accloud_start_init" data:  QVariant(int, 0) extentionData:  QVariant(int, 0)
2024-08-06 19:27:37 [INFO] parseImportFiles model files: D:\Uni\Repositorys\Echoes_of_Steel\Echoes_of_Steel\Assets\Prefab\Primitives\ring1.obj
2024-08-06 19:27:37 [INFO] parseImportFiles model files: D:\Uni\Repositorys\Echoes_of_Steel\Echoes_of_Steel\Assets\Prefab\Primitives\ring1.obj
2024-08-06 19:27:37 [WARN]  - 1 ImportFilesDialog, importModelFiles file = D:\Uni\Repositorys\Echoes_of_Steel\Echoes_of_Steel\Assets\Prefab\Primitives\ring1.obj, modelQualityChecked = true
2024-08-06 19:27:37 [INFO] "start check autoUpdater!"
2024-08-06 19:27:37 [WARN] -slot_closeGizmoWhenLoadModel
2024-08-06 19:27:37 [INFO] event:  "updater_check" data:  QVariant(Invalid) extentionData:  QVariant(Invalid)
2024-08-06 19:27:37 [INFO] send post data success!
2024-08-06 19:27:37 [INFO] sendData:  "{\n    \"appName\": \"AnycubicPhotonWorkshop_V3.3.2\",\n    \"appVersion\": \"v3.3.2\",\n    \"business\": \"\",\n    \"city\": \"0\",\n    \"country\": \"\xE5\xBE\xB7\xE5\x9B\xBD\",\n    \"elementContent\": \"\",\n    \"elementType\": \"\",\n    \"eventName\": \"AppStart\",\n    \"function\": \"\",\n    \"isOverseasVersion\": true,\n    \"module\": \"\",\n    \"pcId\": \"8835b64f2d7650217b75e69c3a434cf1\",\n    \"printerType\": \"\",\n    \"province\": \"Nordrhein-Westfalen\",\n    \"timestamp\": 1722965257,\n    \"title\": \"\",\n    \"userId\": 0\n}\n"
2024-08-06 19:27:37 [WARN] QFSFileEngine::open: No file name specified
2024-08-06 19:27:37 [WARN] Cannot open file '', because: No file name specified
2024-08-06 19:27:37 [WARN] QFSFileEngine::open: No file name specified
2024-08-06 19:27:37 [WARN] Cannot open file '', because: No file name specified
2024-08-06 19:27:37 [WARN] QFSFileEngine::open: No file name specified
2024-08-06 19:27:37 [WARN] Cannot open file '', because: No file name specified
2024-08-06 19:27:37 [WARN] QFSFileEngine::open: No file name specified
2024-08-06 19:27:37 [WARN] Cannot open file '', because: No file name specified
2024-08-06 19:27:37 [WARN] QFSFileEngine::open: No file name specified
2024-08-06 19:27:37 [WARN] Cannot open file '', because: No file name specified
2024-08-06 19:27:37 [WARN] QFSFileEngine::open: No file name specified
2024-08-06 19:27:37 [WARN] Cannot open file '', because: No file name specified
2024-08-06 19:27:37 [WARN] QFSFileEngine::open: No file name specified
2024-08-06 19:27:37 [WARN] Cannot open file '', because: No file name specified
2024-08-06 19:27:37 [WARN] QFSFileEngine::open: No file name specified
2024-08-06 19:27:37 [WARN] Cannot open file '', because: No file name specified
2024-08-06 19:27:37 [WARN] QFSFileEngine::open: No file name specified
2024-08-06 19:27:37 [WARN] Cannot open file '', because: No file name specified
2024-08-06 19:27:37 [WARN] QFSFileEngine::open: No file name specified
2024-08-06 19:27:37 [WARN] Cannot open file '', because: No file name specified
2024-08-06 19:27:37 [WARN] QFSFileEngine::open: No file name specified
2024-08-06 19:27:37 [WARN] Cannot open file '', because: No file name specified
2024-08-06 19:27:37 [WARN] QFSFileEngine::open: No file name specified
2024-08-06 19:27:37 [WARN] Cannot open file '', because: No file name specified
2024-08-06 19:27:37 [WARN] QFSFileEngine::open: No file name specified
2024-08-06 19:27:37 [WARN] Cannot open file '', because: No file name specified
2024-08-06 19:27:37 [WARN] QFSFileEngine::open: No file name specified
2024-08-06 19:27:37 [WARN] Cannot open file '', because: No file name specified
2024-08-06 19:27:37 [WARN] QFSFileEngine::open: No file name specified
2024-08-06 19:27:37 [WARN] Cannot open file '', because: No file name specified
2024-08-06 19:27:37 [WARN] QFSFileEngine::open: No file name specified
2024-08-06 19:27:37 [WARN] Cannot open file '', because: No file name specified
2024-08-06 19:27:37 [WARN] QFSFileEngine::open: No file name specified
2024-08-06 19:27:37 [WARN] Cannot open file '', because: No file name specified
2024-08-06 19:27:37 [WARN] QFSFileEngine::open: No file name specified
2024-08-06 19:27:37 [WARN] Cannot open file '', because: No file name specified
2024-08-06 19:27:37 [WARN] QFSFileEngine::open: No file name specified
2024-08-06 19:27:37 [WARN] Cannot open file '', because: No file name specified
2024-08-06 19:27:37 [WARN] QFSFileEngine::open: No file name specified
2024-08-06 19:27:37 [WARN] Cannot open file '', because: No file name specified
2024-08-06 19:27:37 [WARN] QFSFileEngine::open: No file name specified
2024-08-06 19:27:37 [WARN] Cannot open file '', because: No file name specified
2024-08-06 19:27:37 [WARN] QFSFileEngine::open: No file name specified
2024-08-06 19:27:37 [WARN] Cannot open file '', because: No file name specified
2024-08-06 19:27:37 [WARN] QFSFileEngine::open: No file name specified
2024-08-06 19:27:37 [WARN] Cannot open file '', because: No file name specified
2024-08-06 19:27:37 [WARN] QFSFileEngine::open: No file name specified
2024-08-06 19:27:37 [WARN] Cannot open file '', because: No file name specified
2024-08-06 19:27:37 [WARN] QFSFileEngine::open: No file name specified
2024-08-06 19:27:37 [WARN] Cannot open file '', because: No file name specified
2024-08-06 19:27:37 [WARN] QFSFileEngine::open: No file name specified
2024-08-06 19:27:37 [WARN] Cannot open file '', because: No file name specified
2024-08-06 19:27:37 [INFO] uiState:  false
2024-08-06 19:27:37 [WARN] enableMenuShortcut menushort cut: 8
2024-08-06 19:27:37 [INFO] uiState:  true
2024-08-06 19:27:37 [WARN] enableMenuShortcut menushort cut: 0
2024-08-06 19:27:37 [INFO] "doReportImportModelResult!"
2024-08-06 19:27:37 [INFO] event:  "ga_report" data:  QVariant(QByteArray, "{\n    \"business\": \"model_prepare\",\n    \"elementContent\": \"Import Files\",\n    \"elementType\": \"BUTTON\",\n    \"event\": \"ImportModelResult\",\n    \"function\": \"import_model\",\n    \"module\": \"menu_bar\",\n    \"printerType\": \"LCD\",\n    \"title\": \"\"\n}\n") extentionData:  QVariant(QByteArray, "{\n    \"importType\": \"4\",\n    \"modelInformation\": [\n        {\n            \"fileName\": \"ring1\",\n            \"fileSize\": 65400,\n            \"fileType\": \"obj\",\n            \"isSuccess\": 0\n        }\n    ],\n    \"numberOfModel\": 1\n}\n")
2024-08-06 19:27:37 [WARN] gizmo emit sceneModelChanged
2024-08-06 19:27:37 [WARN] ctrl_select IS_PROPERTY_SELECTED1  true 1
2024-08-06 19:27:37 [INFO] uiState:  false
2024-08-06 19:27:37 [WARN] enableMenuShortcut menushort cut: 8
2024-08-06 19:27:37 [INFO] uiState:  true
2024-08-06 19:27:37 [WARN] enableMenuShortcut menushort cut: 0
2024-08-06 19:27:37 [INFO] uiState:  false
2024-08-06 19:27:37 [WARN] enableMenuShortcut menushort cut: 8
2024-08-06 19:27:37 [INFO] uiState:  true
2024-08-06 19:27:37 [WARN] enableMenuShortcut menushort cut: 0
2024-08-06 19:27:37 [INFO] "doReadMachineLcd setMachine Anycubic Photon Mono 2"
2024-08-06 19:27:37 [INFO] sendData:  "{\n    \"appName\": \"AnycubicPhotonWorkshop_V3.3.2\",\n    \"appVersion\": \"v3.3.2\",\n    \"business\": \"\",\n    \"city\": \"0\",\n    \"country\": \"\xE5\xBE\xB7\xE5\x9B\xBD\",\n    \"elementContent\": \"\",\n    \"elementType\": \"\",\n    \"eventName\": \"ImportModelResult\",\n    \"function\": \"\",\n    \"isOverseasVersion\": true,\n    \"module\": \"\",\n    \"pcId\": \"8835b64f2d7650217b75e69c3a434cf1\",\n    \"printerType\": \"\",\n    \"province\": \"Nordrhein-Westfalen\",\n    \"timestamp\": 1722965257,\n    \"title\": \"\",\n    \"userId\": 0\n}\n"
2024-08-06 19:27:37 [INFO] get_model_height() osg_model_group
2024-08-06 19:27:37 [WARN] void __cdecl EventMiniHandlerCallback::event(const struct ReasonResponse *,unsigned int)
2024-08-06 19:27:37 [WARN] void __cdecl PrintersDataModel::onReasonResponse(const struct ReasonResponse *,int)
count = 219
2024-08-06 19:27:37 [INFO] send post data success!
2024-08-06 19:27:37 [INFO] uiState:  false
2024-08-06 19:27:37 [INFO] send post data success!
2024-08-06 19:27:42 [INFO] uiState:  true
2024-08-06 19:27:42 [INFO] scene modifyed:  true
2024-08-06 19:27:42 [WARN] QFSFileEngine::open: No file name specified
2024-08-06 19:27:42 [WARN] Cannot open file '', because: No file name specified
2024-08-06 19:27:42 [INFO] uiState:  false
2024-08-06 19:27:43 [INFO] uiState:  true
2024-08-06 19:27:43 [INFO] save support file is success!
2024-08-06 19:27:45 [INFO] AnycubicPhotonWorkshop end!
2024-08-06 19:27:45 [WARN] QThreadStorage: Thread 0x25ee7bec0d0 exited after QThreadStorage 7 destroyed
